

================================================================
== Vivado HLS Report for 'fft_fixed'
================================================================
* Date:           Sun Apr 11 19:02:32 2021

* Version:        2019.2 (Build 2704478 on Wed Nov 06 22:10:23 MST 2019)
* Project:        fft_ac
* Solution:       solution1
* Product family: kintex7
* Target device:  xc7k70t-fbv676-1


================================================================
== Performance Estimates
================================================================
+ Timing: 
    * Summary: 
    +--------+----------+----------+------------+
    |  Clock |  Target  | Estimated| Uncertainty|
    +--------+----------+----------+------------+
    |ap_clk  | 10.00 ns | 8.750 ns |   1.25 ns  |
    +--------+----------+----------+------------+

+ Latency: 
    * Summary: 
    +---------+---------+----------+----------+-----+--------+---------+
    |  Latency (cycles) |  Latency (absolute) |   Interval   | Pipeline|
    |   min   |   max   |    min   |    max   | min |   max  |   Type  |
    +---------+---------+----------+----------+-----+--------+---------+
    |      241|   222571| 2.410 us | 2.226 ms |  241|  222571|   none  |
    +---------+---------+----------+----------+-----+--------+---------+

    + Detail: 
        * Instance: 
        N/A

        * Loop: 
        +-----------------+---------+---------+------------+-----------+-----------+--------+----------+
        |                 |  Latency (cycles) |  Iteration |  Initiation Interval  |  Trip  |          |
        |    Loop Name    |   min   |   max   |   Latency  |  achieved |   target  |  Count | Pipelined|
        +-----------------+---------+---------+------------+-----------+-----------+--------+----------+
        |- Loop 1         |      240|   222570| 40 ~ 37095 |          -|          -|       6|    no    |
        | + Loop 1.1      |       38|    37092|  38 ~ 1158 |          -|          -| 1 ~ 32 |    no    |
        |  ++ Loop 1.1.1  |       35|     1154|          35|          -|          -| 1 ~ 32 |    no    |
        +-----------------+---------+---------+------------+-----------+-----------+--------+----------+



================================================================
== Utilization Estimates
================================================================
* Summary: 
+-----------------+---------+-------+-------+-------+-----+
|       Name      | BRAM_18K| DSP48E|   FF  |  LUT  | URAM|
+-----------------+---------+-------+-------+-------+-----+
|DSP              |        -|      -|      -|      -|    -|
|Expression       |        -|      0|      0|    733|    -|
|FIFO             |        -|      -|      -|      -|    -|
|Instance         |       16|     56|   5240|   7000|    -|
|Memory           |        4|      -|      0|      0|    -|
|Multiplexer      |        -|      -|      -|    642|    -|
|Register         |        -|      -|   1250|      -|    -|
+-----------------+---------+-------+-------+-------+-----+
|Total            |       20|     56|   6490|   8375|    0|
+-----------------+---------+-------+-------+-------+-----+
|Available        |      270|    240|  82000|  41000|    0|
+-----------------+---------+-------+-------+-------+-----+
|Utilization (%)  |        7|     23|      7|     20|    0|
+-----------------+---------+-------+-------+-------+-----+

+ Detail: 
    * Instance: 
    +-------------------------+-----------------------+---------+-------+-----+-----+-----+
    |         Instance        |         Module        | BRAM_18K| DSP48E|  FF | LUT | URAM|
    +-------------------------+-----------------------+---------+-------+-----+-----+-----+
    |fft_fixed_dadd_64dEe_U3  |fft_fixed_dadd_64dEe   |        0|      3|  445|  781|    0|
    |fft_fixed_dadd_64dEe_U4  |fft_fixed_dadd_64dEe   |        0|      3|  445|  781|    0|
    |fft_fixed_dadddsucud_U2  |fft_fixed_dadddsucud   |        0|      3|  445|  781|    0|
    |fft_fixed_dmul_64eOg_U5  |fft_fixed_dmul_64eOg   |        0|     11|  299|  203|    0|
    |fft_fixed_dmul_64eOg_U6  |fft_fixed_dmul_64eOg   |        0|     11|  299|  203|    0|
    |fft_fixed_dmul_64eOg_U7  |fft_fixed_dmul_64eOg   |        0|     11|  299|  203|    0|
    |fft_fixed_dmul_64eOg_U8  |fft_fixed_dmul_64eOg   |        0|     11|  299|  203|    0|
    |fft_fixed_dsub_64bkb_U1  |fft_fixed_dsub_64bkb   |        0|      3|  445|  781|    0|
    |fft_fixed_x_l_i_m_axi_U  |fft_fixed_x_l_i_m_axi  |        4|      0|  566|  766|    0|
    |fft_fixed_x_l_r_m_axi_U  |fft_fixed_x_l_r_m_axi  |        4|      0|  566|  766|    0|
    |fft_fixed_x_u_i_m_axi_U  |fft_fixed_x_u_i_m_axi  |        4|      0|  566|  766|    0|
    |fft_fixed_x_u_r_m_axi_U  |fft_fixed_x_u_r_m_axi  |        4|      0|  566|  766|    0|
    +-------------------------+-----------------------+---------+-------+-----+-----+-----+
    |Total                    |                       |       16|     56| 5240| 7000|    0|
    +-------------------------+-----------------------+---------+-------+-----+-----+-----+

    * DSP48E: 
    N/A

    * Memory: 
    +-------------+---------------------+---------+---+----+-----+------+-----+------+-------------+
    |    Memory   |        Module       | BRAM_18K| FF| LUT| URAM| Words| Bits| Banks| W*Bits*Banks|
    +-------------+---------------------+---------+---+----+-----+------+-----+------+-------------+
    |cos_table_U  |fft_fixed_cos_table  |        2|  0|   0|    0|    17|   64|     1|         1088|
    |sin_table_U  |fft_fixed_sin_table  |        2|  0|   0|    0|    17|   64|     1|         1088|
    +-------------+---------------------+---------+---+----+-----+------+-----+------+-------------+
    |Total        |                     |        4|  0|   0|    0|    34|  128|     2|         2176|
    +-------------+---------------------+---------+---+----+-----+------+-----+------+-------------+

    * FIFO: 
    N/A

    * Expression: 
    +--------------------------------------+----------+-------+---+----+------------+------------+
    |             Variable Name            | Operation| DSP48E| FF| LUT| Bitwidth P0| Bitwidth P1|
    +--------------------------------------+----------+-------+---+----+------------+------------+
    |mul_ln396_fu_516_p2                   |     *    |      0|  0|  32|           6|           7|
    |add_ln2463_fu_717_p2                  |     +    |      0|  0|  15|           6|           6|
    |add_ln57_1_fu_703_p2                  |     +    |      0|  0|  19|          12|          12|
    |add_ln690_fu_448_p2                   |     +    |      0|  0|  15|           2|           8|
    |i_fu_408_p2                           |     +    |      0|  0|  12|           3|           1|
    |idx_l_v_0_fu_712_p2                   |     +    |      0|  0|  15|           5|           5|
    |j_fu_510_p2                           |     +    |      0|  0|  15|           6|           1|
    |k_fu_698_p2                           |     +    |      0|  0|  20|          13|          13|
    |kk_fu_679_p2                          |     +    |      0|  0|  15|           6|           1|
    |r_v_0_fu_734_p2                       |     +    |      0|  0|  15|           1|           6|
    |idx_1_fu_561_p2                       |     -    |      0|  0|  15|           6|           5|
    |and_ln58_fu_606_p2                    |    and   |      0|  0|   6|           1|           1|
    |and_ln62_fu_581_p2                    |    and   |      0|  0|   6|           1|           1|
    |and_ln68_fu_797_p2                    |    and   |      0|  0|   6|           1|           1|
    |ap_predicate_op269_writeresp_state39  |    and   |      0|  0|   6|           1|           1|
    |icmp_ln19_fu_402_p2                   |   icmp   |      0|  0|   9|           3|           3|
    |icmp_ln24_fu_504_p2                   |   icmp   |      0|  0|  11|           6|           7|
    |icmp_ln26_fu_673_p2                   |   icmp   |      0|  0|  11|           6|           7|
    |icmp_ln276_fu_793_p2                  |   icmp   |      0|  0|  11|           8|           8|
    |icmp_ln280_fu_474_p2                  |   icmp   |      0|  0|   8|           2|           2|
    |icmp_ln54_fu_529_p2                   |   icmp   |      0|  0|  13|          13|           5|
    |icmp_ln58_fu_545_p2                   |   icmp   |      0|  0|  11|           8|           1|
    |icmp_ln62_fu_555_p2                   |   icmp   |      0|  0|  13|          13|           6|
    |icmp_ln65_fu_748_p2                   |   icmp   |      0|  0|  13|          13|           6|
    |ap_block_state13                      |    or    |      0|  0|   6|           1|           1|
    |ap_block_state33_io                   |    or    |      0|  0|   6|           1|           1|
    |ap_block_state34_io                   |    or    |      0|  0|   6|           1|           1|
    |ap_block_state39                      |    or    |      0|  0|   6|           1|           1|
    |ap_block_state6_io                    |    or    |      0|  0|   6|           1|           1|
    |or_ln62_fu_611_p2                     |    or    |      0|  0|   6|           1|           1|
    |idx_2_fu_567_p3                       |  select  |      0|  0|   5|           1|           5|
    |idx_3_fu_587_p3                       |  select  |      0|  0|   5|           1|           5|
    |idx_l_v_0_4_fu_740_p3                 |  select  |      0|  0|   6|           1|           6|
    |select_ln36_fu_652_p3                 |  select  |      0|  0|  64|           1|          64|
    |select_ln397_fu_466_p3                |  select  |      0|  0|   2|           1|           2|
    |tmp_r_fu_630_p3                       |  select  |      0|  0|  64|           1|          64|
    |shl_ln46_fu_432_p2                    |    shl   |      0|  0|  13|           2|           6|
    |shl_ln58_fu_438_p2                    |    shl   |      0|  0|  13|           1|           6|
    |idx_u_v_0_fu_689_p2                   |    xor   |      0|  0|   6|           5|           5|
    |xor_ln44_fu_642_p2                    |    xor   |      0|  0|  65|          64|          65|
    |xor_ln54_fu_601_p2                    |    xor   |      0|  0|   6|           1|           2|
    |xor_ln58_fu_575_p2                    |    xor   |      0|  0|   6|           1|           2|
    |xor_ln70_fu_620_p2                    |    xor   |      0|  0|  65|          64|          65|
    |xor_ln78_fu_663_p2                    |    xor   |      0|  0|  65|          64|          65|
    +--------------------------------------+----------+-------+---+----+------------+------------+
    |Total                                 |          |      0|  0| 733|         356|         482|
    +--------------------------------------+----------+-------+---+----+------------+------------+

    * Multiplexer: 
    +--------------------------------------+-----+-----------+-----+-----------+
    |                 Name                 | LUT | Input Size| Bits| Total Bits|
    +--------------------------------------+-----+-----------+-----+-----------+
    |ap_NS_fsm                             |  177|         40|    1|         40|
    |ap_phi_mux_idx_l_v_0_3_phi_fu_316_p4  |    9|          2|   32|         64|
    |grp_fu_324_p0                         |   15|          3|   64|        192|
    |grp_fu_324_p1                         |   15|          3|   64|        192|
    |grp_fu_328_opcode                     |   15|          3|    2|          6|
    |grp_fu_328_p0                         |   15|          3|   64|        192|
    |grp_fu_328_p1                         |   15|          3|   64|        192|
    |grp_fu_340_p0                         |   15|          3|   64|        192|
    |grp_fu_340_p1                         |   15|          3|   64|        192|
    |grp_fu_344_p0                         |   15|          3|   64|        192|
    |grp_fu_344_p1                         |   15|          3|   64|        192|
    |grp_fu_348_p0                         |   15|          3|   64|        192|
    |grp_fu_348_p1                         |   15|          3|   64|        192|
    |grp_fu_352_p0                         |   15|          3|   64|        192|
    |grp_fu_352_p1                         |   15|          3|   64|        192|
    |i_0_reg_247                           |    9|          2|    3|          6|
    |idx_l_v_0_0_reg_258                   |    9|          2|   32|         64|
    |idx_l_v_0_1_reg_281                   |    9|          2|   32|         64|
    |idx_l_v_0_3_reg_312                   |    9|          2|   32|         64|
    |k_0_reg_292                           |    9|          2|   12|         24|
    |k_1_reg_270                           |    9|          2|    6|         12|
    |kk_0_reg_301                          |    9|          2|    6|         12|
    |n1_v_0_reg_224                        |    9|          2|    7|         14|
    |phi_ln1082_reg_235                    |    9|          2|    6|         12|
    |x_l_i_blk_n_AR                        |    9|          2|    1|          2|
    |x_l_i_blk_n_AW                        |    9|          2|    1|          2|
    |x_l_i_blk_n_B                         |    9|          2|    1|          2|
    |x_l_i_blk_n_R                         |    9|          2|    1|          2|
    |x_l_i_blk_n_W                         |    9|          2|    1|          2|
    |x_l_r_blk_n_AR                        |    9|          2|    1|          2|
    |x_l_r_blk_n_AW                        |    9|          2|    1|          2|
    |x_l_r_blk_n_B                         |    9|          2|    1|          2|
    |x_l_r_blk_n_R                         |    9|          2|    1|          2|
    |x_l_r_blk_n_W                         |    9|          2|    1|          2|
    |x_u_i_blk_n_AR                        |    9|          2|    1|          2|
    |x_u_i_blk_n_AW                        |    9|          2|    1|          2|
    |x_u_i_blk_n_B                         |    9|          2|    1|          2|
    |x_u_i_blk_n_R                         |    9|          2|    1|          2|
    |x_u_i_blk_n_W                         |    9|          2|    1|          2|
    |x_u_r_blk_n_AR                        |    9|          2|    1|          2|
    |x_u_r_blk_n_AW                        |    9|          2|    1|          2|
    |x_u_r_blk_n_B                         |    9|          2|    1|          2|
    |x_u_r_blk_n_R                         |    9|          2|    1|          2|
    |x_u_r_blk_n_W                         |    9|          2|    1|          2|
    +--------------------------------------+-----+-----------+-----+-----------+
    |Total                                 |  642|        139|  959|       2726|
    +--------------------------------------+-----+-----------+-----+-----------+

    * Register: 
    +---------------------+----+----+-----+-----------+
    |         Name        | FF | LUT| Bits| Const Bits|
    +---------------------+----+----+-----+-----------+
    |add_ln57_1_reg_940   |  12|   0|   12|          0|
    |add_ln690_reg_844    |   8|   0|    8|          0|
    |and_ln62_reg_899     |   1|   0|    1|          0|
    |ap_CS_fsm            |  39|   0|   39|          0|
    |data_l_i_1_reg_988   |  64|   0|   64|          0|
    |data_l_r_1_reg_982   |  64|   0|   64|          0|
    |data_u_i_reg_1000    |  64|   0|   64|          0|
    |data_u_r_reg_994     |  64|   0|   64|          0|
    |i_0_reg_247          |   3|   0|    3|          0|
    |i_reg_819            |   3|   0|    3|          0|
    |icmp_ln24_reg_879    |   1|   0|    1|          0|
    |icmp_ln26_reg_926    |   1|   0|    1|          0|
    |icmp_ln280_reg_849   |   1|   0|    1|          0|
    |icmp_ln54_reg_888    |   1|   0|    1|          0|
    |icmp_ln58_reg_893    |   1|   0|    1|          0|
    |icmp_ln65_reg_950    |   1|   0|    1|          0|
    |idx_l_v_0_0_reg_258  |  32|   0|   32|          0|
    |idx_l_v_0_1_reg_281  |  32|   0|   32|          0|
    |idx_l_v_0_3_reg_312  |  32|   0|   32|          0|
    |idx_l_v_0_4_reg_945  |   6|   0|    6|          0|
    |idx_u_v_0_reg_935    |   5|   0|    5|          0|
    |j_reg_883            |   6|   0|    6|          0|
    |k_0_reg_292          |  12|   0|   12|          0|
    |k_1_reg_270          |   6|   0|    6|          0|
    |kk_0_reg_301         |   6|   0|    6|          0|
    |kk_reg_930           |   6|   0|    6|          0|
    |n1_v_0_reg_224       |   7|   0|    7|          0|
    |n2_v_0_reg_824       |   6|   0|    7|          1|
    |phi_ln1082_reg_235   |   6|   0|   28|         22|
    |reg_360              |  64|   0|   64|          0|
    |reg_366              |  64|   0|   64|          0|
    |reg_372              |  64|   0|   64|          0|
    |reg_378              |  64|   0|   64|          0|
    |reg_384              |  64|   0|   64|          0|
    |reg_391              |  64|   0|   64|          0|
    |res_i_1_reg_1011     |  64|   0|   64|          0|
    |res_r_1_reg_1006     |  64|   0|   64|          0|
    |shl_ln58_reg_839     |   6|   0|    6|          0|
    |tmp_i_reg_920        |  64|   0|   64|          0|
    |tmp_r_reg_914        |  64|   0|   64|          0|
    |trunc_ln587_reg_864  |   5|   0|    5|          0|
    |trunc_ln995_reg_854  |   5|   0|    5|          0|
    |x_l_i_addr_reg_961   |  32|   0|   32|          0|
    |x_l_r_addr_reg_954   |  32|   0|   32|          0|
    |x_u_i_addr_reg_975   |   5|   0|   32|         27|
    |x_u_r_addr_reg_968   |   5|   0|   32|         27|
    |zext_ln1876_reg_829  |   6|   0|   13|          7|
    |zext_ln23_reg_834    |   6|   0|   13|          7|
    |zext_ln25_1_reg_869  |   6|   0|    8|          2|
    |zext_ln25_2_reg_874  |   6|   0|   12|          6|
    |zext_ln57_reg_859    |   6|   0|   12|          6|
    +---------------------+----+----+-----+-----------+
    |Total                |1250|   0| 1355|        105|
    +---------------------+----+----+-----+-----------+



================================================================
== Interface
================================================================
* Summary: 
+----------------------+-----+-----+------------+--------------+--------------+
|       RTL Ports      | Dir | Bits|  Protocol  | Source Object|    C Type    |
+----------------------+-----+-----+------------+--------------+--------------+
|ap_clk                |  in |    1| ap_ctrl_hs |   fft_fixed  | return value |
|ap_rst_n              |  in |    1| ap_ctrl_hs |   fft_fixed  | return value |
|ap_start              |  in |    1| ap_ctrl_hs |   fft_fixed  | return value |
|ap_done               | out |    1| ap_ctrl_hs |   fft_fixed  | return value |
|ap_idle               | out |    1| ap_ctrl_hs |   fft_fixed  | return value |
|ap_ready              | out |    1| ap_ctrl_hs |   fft_fixed  | return value |
|m_axi_x_l_r_AWVALID   | out |    1|    m_axi   |     x_l_r    |    pointer   |
|m_axi_x_l_r_AWREADY   |  in |    1|    m_axi   |     x_l_r    |    pointer   |
|m_axi_x_l_r_AWADDR    | out |   32|    m_axi   |     x_l_r    |    pointer   |
|m_axi_x_l_r_AWID      | out |    1|    m_axi   |     x_l_r    |    pointer   |
|m_axi_x_l_r_AWLEN     | out |    8|    m_axi   |     x_l_r    |    pointer   |
|m_axi_x_l_r_AWSIZE    | out |    3|    m_axi   |     x_l_r    |    pointer   |
|m_axi_x_l_r_AWBURST   | out |    2|    m_axi   |     x_l_r    |    pointer   |
|m_axi_x_l_r_AWLOCK    | out |    2|    m_axi   |     x_l_r    |    pointer   |
|m_axi_x_l_r_AWCACHE   | out |    4|    m_axi   |     x_l_r    |    pointer   |
|m_axi_x_l_r_AWPROT    | out |    3|    m_axi   |     x_l_r    |    pointer   |
|m_axi_x_l_r_AWQOS     | out |    4|    m_axi   |     x_l_r    |    pointer   |
|m_axi_x_l_r_AWREGION  | out |    4|    m_axi   |     x_l_r    |    pointer   |
|m_axi_x_l_r_AWUSER    | out |    1|    m_axi   |     x_l_r    |    pointer   |
|m_axi_x_l_r_WVALID    | out |    1|    m_axi   |     x_l_r    |    pointer   |
|m_axi_x_l_r_WREADY    |  in |    1|    m_axi   |     x_l_r    |    pointer   |
|m_axi_x_l_r_WDATA     | out |   64|    m_axi   |     x_l_r    |    pointer   |
|m_axi_x_l_r_WSTRB     | out |    8|    m_axi   |     x_l_r    |    pointer   |
|m_axi_x_l_r_WLAST     | out |    1|    m_axi   |     x_l_r    |    pointer   |
|m_axi_x_l_r_WID       | out |    1|    m_axi   |     x_l_r    |    pointer   |
|m_axi_x_l_r_WUSER     | out |    1|    m_axi   |     x_l_r    |    pointer   |
|m_axi_x_l_r_ARVALID   | out |    1|    m_axi   |     x_l_r    |    pointer   |
|m_axi_x_l_r_ARREADY   |  in |    1|    m_axi   |     x_l_r    |    pointer   |
|m_axi_x_l_r_ARADDR    | out |   32|    m_axi   |     x_l_r    |    pointer   |
|m_axi_x_l_r_ARID      | out |    1|    m_axi   |     x_l_r    |    pointer   |
|m_axi_x_l_r_ARLEN     | out |    8|    m_axi   |     x_l_r    |    pointer   |
|m_axi_x_l_r_ARSIZE    | out |    3|    m_axi   |     x_l_r    |    pointer   |
|m_axi_x_l_r_ARBURST   | out |    2|    m_axi   |     x_l_r    |    pointer   |
|m_axi_x_l_r_ARLOCK    | out |    2|    m_axi   |     x_l_r    |    pointer   |
|m_axi_x_l_r_ARCACHE   | out |    4|    m_axi   |     x_l_r    |    pointer   |
|m_axi_x_l_r_ARPROT    | out |    3|    m_axi   |     x_l_r    |    pointer   |
|m_axi_x_l_r_ARQOS     | out |    4|    m_axi   |     x_l_r    |    pointer   |
|m_axi_x_l_r_ARREGION  | out |    4|    m_axi   |     x_l_r    |    pointer   |
|m_axi_x_l_r_ARUSER    | out |    1|    m_axi   |     x_l_r    |    pointer   |
|m_axi_x_l_r_RVALID    |  in |    1|    m_axi   |     x_l_r    |    pointer   |
|m_axi_x_l_r_RREADY    | out |    1|    m_axi   |     x_l_r    |    pointer   |
|m_axi_x_l_r_RDATA     |  in |   64|    m_axi   |     x_l_r    |    pointer   |
|m_axi_x_l_r_RLAST     |  in |    1|    m_axi   |     x_l_r    |    pointer   |
|m_axi_x_l_r_RID       |  in |    1|    m_axi   |     x_l_r    |    pointer   |
|m_axi_x_l_r_RUSER     |  in |    1|    m_axi   |     x_l_r    |    pointer   |
|m_axi_x_l_r_RRESP     |  in |    2|    m_axi   |     x_l_r    |    pointer   |
|m_axi_x_l_r_BVALID    |  in |    1|    m_axi   |     x_l_r    |    pointer   |
|m_axi_x_l_r_BREADY    | out |    1|    m_axi   |     x_l_r    |    pointer   |
|m_axi_x_l_r_BRESP     |  in |    2|    m_axi   |     x_l_r    |    pointer   |
|m_axi_x_l_r_BID       |  in |    1|    m_axi   |     x_l_r    |    pointer   |
|m_axi_x_l_r_BUSER     |  in |    1|    m_axi   |     x_l_r    |    pointer   |
|m_axi_x_l_i_AWVALID   | out |    1|    m_axi   |     x_l_i    |    pointer   |
|m_axi_x_l_i_AWREADY   |  in |    1|    m_axi   |     x_l_i    |    pointer   |
|m_axi_x_l_i_AWADDR    | out |   32|    m_axi   |     x_l_i    |    pointer   |
|m_axi_x_l_i_AWID      | out |    1|    m_axi   |     x_l_i    |    pointer   |
|m_axi_x_l_i_AWLEN     | out |    8|    m_axi   |     x_l_i    |    pointer   |
|m_axi_x_l_i_AWSIZE    | out |    3|    m_axi   |     x_l_i    |    pointer   |
|m_axi_x_l_i_AWBURST   | out |    2|    m_axi   |     x_l_i    |    pointer   |
|m_axi_x_l_i_AWLOCK    | out |    2|    m_axi   |     x_l_i    |    pointer   |
|m_axi_x_l_i_AWCACHE   | out |    4|    m_axi   |     x_l_i    |    pointer   |
|m_axi_x_l_i_AWPROT    | out |    3|    m_axi   |     x_l_i    |    pointer   |
|m_axi_x_l_i_AWQOS     | out |    4|    m_axi   |     x_l_i    |    pointer   |
|m_axi_x_l_i_AWREGION  | out |    4|    m_axi   |     x_l_i    |    pointer   |
|m_axi_x_l_i_AWUSER    | out |    1|    m_axi   |     x_l_i    |    pointer   |
|m_axi_x_l_i_WVALID    | out |    1|    m_axi   |     x_l_i    |    pointer   |
|m_axi_x_l_i_WREADY    |  in |    1|    m_axi   |     x_l_i    |    pointer   |
|m_axi_x_l_i_WDATA     | out |   64|    m_axi   |     x_l_i    |    pointer   |
|m_axi_x_l_i_WSTRB     | out |    8|    m_axi   |     x_l_i    |    pointer   |
|m_axi_x_l_i_WLAST     | out |    1|    m_axi   |     x_l_i    |    pointer   |
|m_axi_x_l_i_WID       | out |    1|    m_axi   |     x_l_i    |    pointer   |
|m_axi_x_l_i_WUSER     | out |    1|    m_axi   |     x_l_i    |    pointer   |
|m_axi_x_l_i_ARVALID   | out |    1|    m_axi   |     x_l_i    |    pointer   |
|m_axi_x_l_i_ARREADY   |  in |    1|    m_axi   |     x_l_i    |    pointer   |
|m_axi_x_l_i_ARADDR    | out |   32|    m_axi   |     x_l_i    |    pointer   |
|m_axi_x_l_i_ARID      | out |    1|    m_axi   |     x_l_i    |    pointer   |
|m_axi_x_l_i_ARLEN     | out |    8|    m_axi   |     x_l_i    |    pointer   |
|m_axi_x_l_i_ARSIZE    | out |    3|    m_axi   |     x_l_i    |    pointer   |
|m_axi_x_l_i_ARBURST   | out |    2|    m_axi   |     x_l_i    |    pointer   |
|m_axi_x_l_i_ARLOCK    | out |    2|    m_axi   |     x_l_i    |    pointer   |
|m_axi_x_l_i_ARCACHE   | out |    4|    m_axi   |     x_l_i    |    pointer   |
|m_axi_x_l_i_ARPROT    | out |    3|    m_axi   |     x_l_i    |    pointer   |
|m_axi_x_l_i_ARQOS     | out |    4|    m_axi   |     x_l_i    |    pointer   |
|m_axi_x_l_i_ARREGION  | out |    4|    m_axi   |     x_l_i    |    pointer   |
|m_axi_x_l_i_ARUSER    | out |    1|    m_axi   |     x_l_i    |    pointer   |
|m_axi_x_l_i_RVALID    |  in |    1|    m_axi   |     x_l_i    |    pointer   |
|m_axi_x_l_i_RREADY    | out |    1|    m_axi   |     x_l_i    |    pointer   |
|m_axi_x_l_i_RDATA     |  in |   64|    m_axi   |     x_l_i    |    pointer   |
|m_axi_x_l_i_RLAST     |  in |    1|    m_axi   |     x_l_i    |    pointer   |
|m_axi_x_l_i_RID       |  in |    1|    m_axi   |     x_l_i    |    pointer   |
|m_axi_x_l_i_RUSER     |  in |    1|    m_axi   |     x_l_i    |    pointer   |
|m_axi_x_l_i_RRESP     |  in |    2|    m_axi   |     x_l_i    |    pointer   |
|m_axi_x_l_i_BVALID    |  in |    1|    m_axi   |     x_l_i    |    pointer   |
|m_axi_x_l_i_BREADY    | out |    1|    m_axi   |     x_l_i    |    pointer   |
|m_axi_x_l_i_BRESP     |  in |    2|    m_axi   |     x_l_i    |    pointer   |
|m_axi_x_l_i_BID       |  in |    1|    m_axi   |     x_l_i    |    pointer   |
|m_axi_x_l_i_BUSER     |  in |    1|    m_axi   |     x_l_i    |    pointer   |
|m_axi_x_u_r_AWVALID   | out |    1|    m_axi   |     x_u_r    |    pointer   |
|m_axi_x_u_r_AWREADY   |  in |    1|    m_axi   |     x_u_r    |    pointer   |
|m_axi_x_u_r_AWADDR    | out |   32|    m_axi   |     x_u_r    |    pointer   |
|m_axi_x_u_r_AWID      | out |    1|    m_axi   |     x_u_r    |    pointer   |
|m_axi_x_u_r_AWLEN     | out |    8|    m_axi   |     x_u_r    |    pointer   |
|m_axi_x_u_r_AWSIZE    | out |    3|    m_axi   |     x_u_r    |    pointer   |
|m_axi_x_u_r_AWBURST   | out |    2|    m_axi   |     x_u_r    |    pointer   |
|m_axi_x_u_r_AWLOCK    | out |    2|    m_axi   |     x_u_r    |    pointer   |
|m_axi_x_u_r_AWCACHE   | out |    4|    m_axi   |     x_u_r    |    pointer   |
|m_axi_x_u_r_AWPROT    | out |    3|    m_axi   |     x_u_r    |    pointer   |
|m_axi_x_u_r_AWQOS     | out |    4|    m_axi   |     x_u_r    |    pointer   |
|m_axi_x_u_r_AWREGION  | out |    4|    m_axi   |     x_u_r    |    pointer   |
|m_axi_x_u_r_AWUSER    | out |    1|    m_axi   |     x_u_r    |    pointer   |
|m_axi_x_u_r_WVALID    | out |    1|    m_axi   |     x_u_r    |    pointer   |
|m_axi_x_u_r_WREADY    |  in |    1|    m_axi   |     x_u_r    |    pointer   |
|m_axi_x_u_r_WDATA     | out |   64|    m_axi   |     x_u_r    |    pointer   |
|m_axi_x_u_r_WSTRB     | out |    8|    m_axi   |     x_u_r    |    pointer   |
|m_axi_x_u_r_WLAST     | out |    1|    m_axi   |     x_u_r    |    pointer   |
|m_axi_x_u_r_WID       | out |    1|    m_axi   |     x_u_r    |    pointer   |
|m_axi_x_u_r_WUSER     | out |    1|    m_axi   |     x_u_r    |    pointer   |
|m_axi_x_u_r_ARVALID   | out |    1|    m_axi   |     x_u_r    |    pointer   |
|m_axi_x_u_r_ARREADY   |  in |    1|    m_axi   |     x_u_r    |    pointer   |
|m_axi_x_u_r_ARADDR    | out |   32|    m_axi   |     x_u_r    |    pointer   |
|m_axi_x_u_r_ARID      | out |    1|    m_axi   |     x_u_r    |    pointer   |
|m_axi_x_u_r_ARLEN     | out |    8|    m_axi   |     x_u_r    |    pointer   |
|m_axi_x_u_r_ARSIZE    | out |    3|    m_axi   |     x_u_r    |    pointer   |
|m_axi_x_u_r_ARBURST   | out |    2|    m_axi   |     x_u_r    |    pointer   |
|m_axi_x_u_r_ARLOCK    | out |    2|    m_axi   |     x_u_r    |    pointer   |
|m_axi_x_u_r_ARCACHE   | out |    4|    m_axi   |     x_u_r    |    pointer   |
|m_axi_x_u_r_ARPROT    | out |    3|    m_axi   |     x_u_r    |    pointer   |
|m_axi_x_u_r_ARQOS     | out |    4|    m_axi   |     x_u_r    |    pointer   |
|m_axi_x_u_r_ARREGION  | out |    4|    m_axi   |     x_u_r    |    pointer   |
|m_axi_x_u_r_ARUSER    | out |    1|    m_axi   |     x_u_r    |    pointer   |
|m_axi_x_u_r_RVALID    |  in |    1|    m_axi   |     x_u_r    |    pointer   |
|m_axi_x_u_r_RREADY    | out |    1|    m_axi   |     x_u_r    |    pointer   |
|m_axi_x_u_r_RDATA     |  in |   64|    m_axi   |     x_u_r    |    pointer   |
|m_axi_x_u_r_RLAST     |  in |    1|    m_axi   |     x_u_r    |    pointer   |
|m_axi_x_u_r_RID       |  in |    1|    m_axi   |     x_u_r    |    pointer   |
|m_axi_x_u_r_RUSER     |  in |    1|    m_axi   |     x_u_r    |    pointer   |
|m_axi_x_u_r_RRESP     |  in |    2|    m_axi   |     x_u_r    |    pointer   |
|m_axi_x_u_r_BVALID    |  in |    1|    m_axi   |     x_u_r    |    pointer   |
|m_axi_x_u_r_BREADY    | out |    1|    m_axi   |     x_u_r    |    pointer   |
|m_axi_x_u_r_BRESP     |  in |    2|    m_axi   |     x_u_r    |    pointer   |
|m_axi_x_u_r_BID       |  in |    1|    m_axi   |     x_u_r    |    pointer   |
|m_axi_x_u_r_BUSER     |  in |    1|    m_axi   |     x_u_r    |    pointer   |
|m_axi_x_u_i_AWVALID   | out |    1|    m_axi   |     x_u_i    |    pointer   |
|m_axi_x_u_i_AWREADY   |  in |    1|    m_axi   |     x_u_i    |    pointer   |
|m_axi_x_u_i_AWADDR    | out |   32|    m_axi   |     x_u_i    |    pointer   |
|m_axi_x_u_i_AWID      | out |    1|    m_axi   |     x_u_i    |    pointer   |
|m_axi_x_u_i_AWLEN     | out |    8|    m_axi   |     x_u_i    |    pointer   |
|m_axi_x_u_i_AWSIZE    | out |    3|    m_axi   |     x_u_i    |    pointer   |
|m_axi_x_u_i_AWBURST   | out |    2|    m_axi   |     x_u_i    |    pointer   |
|m_axi_x_u_i_AWLOCK    | out |    2|    m_axi   |     x_u_i    |    pointer   |
|m_axi_x_u_i_AWCACHE   | out |    4|    m_axi   |     x_u_i    |    pointer   |
|m_axi_x_u_i_AWPROT    | out |    3|    m_axi   |     x_u_i    |    pointer   |
|m_axi_x_u_i_AWQOS     | out |    4|    m_axi   |     x_u_i    |    pointer   |
|m_axi_x_u_i_AWREGION  | out |    4|    m_axi   |     x_u_i    |    pointer   |
|m_axi_x_u_i_AWUSER    | out |    1|    m_axi   |     x_u_i    |    pointer   |
|m_axi_x_u_i_WVALID    | out |    1|    m_axi   |     x_u_i    |    pointer   |
|m_axi_x_u_i_WREADY    |  in |    1|    m_axi   |     x_u_i    |    pointer   |
|m_axi_x_u_i_WDATA     | out |   64|    m_axi   |     x_u_i    |    pointer   |
|m_axi_x_u_i_WSTRB     | out |    8|    m_axi   |     x_u_i    |    pointer   |
|m_axi_x_u_i_WLAST     | out |    1|    m_axi   |     x_u_i    |    pointer   |
|m_axi_x_u_i_WID       | out |    1|    m_axi   |     x_u_i    |    pointer   |
|m_axi_x_u_i_WUSER     | out |    1|    m_axi   |     x_u_i    |    pointer   |
|m_axi_x_u_i_ARVALID   | out |    1|    m_axi   |     x_u_i    |    pointer   |
|m_axi_x_u_i_ARREADY   |  in |    1|    m_axi   |     x_u_i    |    pointer   |
|m_axi_x_u_i_ARADDR    | out |   32|    m_axi   |     x_u_i    |    pointer   |
|m_axi_x_u_i_ARID      | out |    1|    m_axi   |     x_u_i    |    pointer   |
|m_axi_x_u_i_ARLEN     | out |    8|    m_axi   |     x_u_i    |    pointer   |
|m_axi_x_u_i_ARSIZE    | out |    3|    m_axi   |     x_u_i    |    pointer   |
|m_axi_x_u_i_ARBURST   | out |    2|    m_axi   |     x_u_i    |    pointer   |
|m_axi_x_u_i_ARLOCK    | out |    2|    m_axi   |     x_u_i    |    pointer   |
|m_axi_x_u_i_ARCACHE   | out |    4|    m_axi   |     x_u_i    |    pointer   |
|m_axi_x_u_i_ARPROT    | out |    3|    m_axi   |     x_u_i    |    pointer   |
|m_axi_x_u_i_ARQOS     | out |    4|    m_axi   |     x_u_i    |    pointer   |
|m_axi_x_u_i_ARREGION  | out |    4|    m_axi   |     x_u_i    |    pointer   |
|m_axi_x_u_i_ARUSER    | out |    1|    m_axi   |     x_u_i    |    pointer   |
|m_axi_x_u_i_RVALID    |  in |    1|    m_axi   |     x_u_i    |    pointer   |
|m_axi_x_u_i_RREADY    | out |    1|    m_axi   |     x_u_i    |    pointer   |
|m_axi_x_u_i_RDATA     |  in |   64|    m_axi   |     x_u_i    |    pointer   |
|m_axi_x_u_i_RLAST     |  in |    1|    m_axi   |     x_u_i    |    pointer   |
|m_axi_x_u_i_RID       |  in |    1|    m_axi   |     x_u_i    |    pointer   |
|m_axi_x_u_i_RUSER     |  in |    1|    m_axi   |     x_u_i    |    pointer   |
|m_axi_x_u_i_RRESP     |  in |    2|    m_axi   |     x_u_i    |    pointer   |
|m_axi_x_u_i_BVALID    |  in |    1|    m_axi   |     x_u_i    |    pointer   |
|m_axi_x_u_i_BREADY    | out |    1|    m_axi   |     x_u_i    |    pointer   |
|m_axi_x_u_i_BRESP     |  in |    2|    m_axi   |     x_u_i    |    pointer   |
|m_axi_x_u_i_BID       |  in |    1|    m_axi   |     x_u_i    |    pointer   |
|m_axi_x_u_i_BUSER     |  in |    1|    m_axi   |     x_u_i    |    pointer   |
+----------------------+-----+-----+------------+--------------+--------------+

